#
# There is insufficient memory for the Java Runtime Environment to continue.
# Native memory allocation (malloc) failed to allocate 1048576 bytes for AllocateHeap
# Possible reasons:
#   The system is out of physical RAM or swap space
#   In 32 bit mode, the process size limit was hit
# Possible solutions:
#   Reduce memory load on the system
#   Increase physical memory or swap space
#   Check if swap backing store is full
#   Use 64 bit Java on a 64 bit OS
#   Decrease Java heap size (-Xmx/-Xms)
#   Decrease number of Java threads
#   Decrease Java thread stack sizes (-Xss)
#   Set larger code cache with -XX:ReservedCodeCacheSize=
# This output file may be truncated or incomplete.
#
#  Out of Memory Error (memory/allocation.inline.hpp:61), pid=26656, tid=0x0000000000009300
#
# JRE version:  (8.0_171-b11) (build )
# Java VM: Java HotSpot(TM) 64-Bit Server VM (25.171-b11 mixed mode windows-amd64 compressed oops)
# Failed to write core dump. Minidumps are not enabled by default on client versions of Windows
#

---------------  T H R E A D  ---------------

Current thread (0x00000000023d2800):  JavaThread "Unknown thread" [_thread_in_vm, id=37632, stack(0x0000000002240000,0x0000000002340000)]

Stack: [0x0000000002240000,0x0000000002340000]
[error occurred during error reporting (printing stack bounds), id 0xc0000005]

Native frames: (J=compiled Java code, j=interpreted, Vv=VM code, C=native code)


---------------  P R O C E S S  ---------------

Java Threads: ( => current thread )

Other Threads:

=>0x00000000023d2800 (exited) JavaThread "Unknown thread" [_thread_in_vm, id=37632, stack(0x0000000002240000,0x0000000002340000)]

VM state:not at safepoint (normal execution)

VM Mutex/Monitor currently owned by a thread: None

Heap:
 PSYoungGen      total 75776K, used 1300K [0x000000076b600000, 0x0000000770a80000, 0x00000007c0000000)
  eden space 65024K, 2% used [0x000000076b600000,0x000000076b7451f8,0x000000076f580000)
  from space 10752K, 0% used [0x0000000770000000,0x0000000770000000,0x0000000770a80000)
  to   space 10752K, 0% used [0x000000076f580000,0x000000076f580000,0x0000000770000000)
 ParOldGen       total 173568K, used 0K [0x00000006c2200000, 0x00000006ccb80000, 0x000000076b600000)
  object space 173568K, 0% used [0x00000006c2200000,0x00000006c2200000,0x00000006ccb80000)
 Metaspace       used 774K, capacity 4480K, committed 4480K, reserved 1056768K
  class space    used 76K, capacity 384K, committed 384K, reserved 1048576K

Card table byte_map: [0x0000000011890000,0x0000000012080000] byte_map_base: 0x000000000e27f000

Marking Bits: (ParMarkBitMap*) 0x0000000064a508c0
 Begin Bits: [0x0000000012fd0000, 0x0000000016f48000)
 End Bits:   [0x0000000016f48000, 0x000000001aec0000)

Polling page: 0x0000000000920000

CodeCache: size=245760Kb used=328Kb max_used=328Kb free=245431Kb
 bounds [0x00000000024d0000, 0x0000000002740000, 0x00000000114d0000]
 total_blobs=58 nmethods=0 adapters=38
 compilation: enabled

Compilation events (0 events):
No events

GC Heap History (0 events):
No events

Deoptimization events (0 events):
No events

Classes redefined (0 events):
No events

Internal exceptions (0 events):
No events

Events (10 events):
Event: 0.020 loading class java/lang/Short
Event: 0.020 loading class java/lang/Short done
Event: 0.020 loading class java/lang/Integer
Event: 0.020 loading class java/lang/Integer done
Event: 0.020 loading class java/lang/Long
Event: 0.020 loading class java/lang/Long done
Event: 0.021 loading class java/lang/NullPointerException
Event: 0.021 loading class java/lang/NullPointerException done
Event: 0.021 loading class java/lang/ArithmeticException
Event: 0.021 loading class java/lang/ArithmeticException done


Dynamic libraries:
0x00007ff6e1140000 - 0x00007ff6e1177000 	C:\Program Files\Java\jdk1.8.0_171\bin\javaw.exe
0x00007ffc8a510000 - 0x00007ffc8a6f1000 	C:\WINDOWS\SYSTEM32\ntdll.dll
0x00007ffc56880000 - 0x00007ffc56894000 	C:\Program Files\AVAST Software\Avast\x64\aswhooka.dll
0x00007ffc89e30000 - 0x00007ffc89ee2000 	C:\WINDOWS\System32\KERNEL32.DLL
0x00007ffc868e0000 - 0x00007ffc86b53000 	C:\WINDOWS\System32\KERNELBASE.dll
0x00007ffc897a0000 - 0x00007ffc89841000 	C:\WINDOWS\System32\ADVAPI32.dll
0x00007ffc8a240000 - 0x00007ffc8a2de000 	C:\WINDOWS\System32\msvcrt.dll
0x00007ffc87e60000 - 0x00007ffc87ebb000 	C:\WINDOWS\System32\sechost.dll
0x00007ffc88010000 - 0x00007ffc88134000 	C:\WINDOWS\System32\RPCRT4.dll
0x00007ffc89fc0000 - 0x00007ffc8a150000 	C:\WINDOWS\System32\USER32.dll
0x00007ffc87730000 - 0x00007ffc87750000 	C:\WINDOWS\System32\win32u.dll
0x00007ffc8a2e0000 - 0x00007ffc8a308000 	C:\WINDOWS\System32\GDI32.dll
0x00007ffc87460000 - 0x00007ffc875f2000 	C:\WINDOWS\System32\gdi32full.dll
0x00007ffc878b0000 - 0x00007ffc8794f000 	C:\WINDOWS\System32\msvcp_win.dll
0x00007ffc87750000 - 0x00007ffc8784a000 	C:\WINDOWS\System32\ucrtbase.dll
0x00007ffc7ce80000 - 0x00007ffc7d0e9000 	C:\WINDOWS\WinSxS\amd64_microsoft.windows.common-controls_6595b64144ccf1df_6.0.17134.345_none_fb429a5930656358\COMCTL32.dll
0x00007ffc89900000 - 0x00007ffc89c23000 	C:\WINDOWS\System32\combase.dll
0x00007ffc87600000 - 0x00007ffc8767a000 	C:\WINDOWS\System32\bcryptPrimitives.dll
0x00007ffc89ef0000 - 0x00007ffc89f1d000 	C:\WINDOWS\System32\IMM32.DLL
0x0000000064bb0000 - 0x0000000064c82000 	C:\Program Files\Java\jdk1.8.0_171\jre\bin\msvcr100.dll
0x0000000064230000 - 0x0000000064ad0000 	C:\Program Files\Java\jdk1.8.0_171\jre\bin\server\jvm.dll
0x00007ffc879a0000 - 0x00007ffc879a8000 	C:\WINDOWS\System32\PSAPI.DLL
0x00007ffc7e4e0000 - 0x00007ffc7e4e9000 	C:\WINDOWS\SYSTEM32\WSOCK32.dll
0x00007ffc87fa0000 - 0x00007ffc8800c000 	C:\WINDOWS\System32\WS2_32.dll
0x00007ffc82190000 - 0x00007ffc821b3000 	C:\WINDOWS\SYSTEM32\WINMM.dll
0x00007ffc7e890000 - 0x00007ffc7e89a000 	C:\WINDOWS\SYSTEM32\VERSION.dll
0x00007ffc82150000 - 0x00007ffc8217a000 	C:\WINDOWS\SYSTEM32\WINMMBASE.dll
0x00007ffc87950000 - 0x00007ffc87999000 	C:\WINDOWS\System32\cfgmgr32.dll
0x0000000064220000 - 0x000000006422f000 	C:\Program Files\Java\jdk1.8.0_171\jre\bin\verify.dll
0x00000000641f0000 - 0x0000000064219000 	C:\Program Files\Java\jdk1.8.0_171\jre\bin\java.dll
0x00000000641d0000 - 0x00000000641e6000 	C:\Program Files\Java\jdk1.8.0_171\jre\bin\zip.dll

VM Arguments:
jvm_args: -Dfile.encoding=Cp1252 
java_command: com.revature.util.Driver
java_class_path (initial): C:\Users\Steve\Documents\workspace-sts-3.9.6.RELEASE\hibernateExcercise\target\classes;C:\Users\Steve\.m2\repository\com\oracle\ojdbc7\12.1.0\ojdbc7-12.1.0.jar;C:\Users\Steve\.m2\repository\org\hibernate\hibernate-core\5.3.7.Final\hibernate-core-5.3.7.Final.jar;C:\Users\Steve\.m2\repository\org\jboss\logging\jboss-logging\3.3.2.Final\jboss-logging-3.3.2.Final.jar;C:\Users\Steve\.m2\repository\javax\persistence\javax.persistence-api\2.2\javax.persistence-api-2.2.jar;C:\Users\Steve\.m2\repository\org\javassist\javassist\3.23.1-GA\javassist-3.23.1-GA.jar;C:\Users\Steve\.m2\repository\net\bytebuddy\byte-buddy\1.8.17\byte-buddy-1.8.17.jar;C:\Users\Steve\.m2\repository\antlr\antlr\2.7.7\antlr-2.7.7.jar;C:\Users\Steve\.m2\repository\org\jboss\spec\javax\transaction\jboss-transaction-api_1.2_spec\1.1.1.Final\jboss-transaction-api_1.2_spec-1.1.1.Final.jar;C:\Users\Steve\.m2\repository\org\jboss\jandex\2.0.5.Final\jandex-2.0.5.Final.jar;C:\Users\Steve\.m2\repository\com\fasterxml\classmate\1.3.4\classmate-1.3.4.jar;C:\Users\Steve\.m2\repository\javax\activation\javax.activation-api\1.2.0\javax.activation-api-1.2.0.jar;C:\Users\Steve\.m2\repository\org\dom4j\dom4j\2.1.1\dom4j-2.1.1.jar;C:\Users\Steve\.m2\repository\org\hibernate\common\hibernate-commons-annotations\5.0.4.Final\hibernate-commons-annotations-5.0.4.Final.jar
Launcher Type: SUN_STANDARD

Environment Variables:
PATH=C:/Program Files/Java/jre1.8.0_191/bin/server;C:/Program Files/Java/jre1.8.0_191/bin;C:/Program Files/Java/jre1.8.0_191/lib/amd64;C:\Program Files (x86)\Common Files\Oracle\Java\javapath;C:\Program Files (x86)\Intel\Intel(R) Management Engine Components\iCLS\;C:\Program Files\Intel\Intel(R) Management Engine Components\iCLS\;C:\Windows\system32;C:\Windows;C:\Windows\System32\Wbem;C:\Windows\System32\WindowsPowerShell\v1.0\;C:\Program Files (x86)\Intel\Intel(R) Management Engine Components\DAL;C:\Program Files\Intel\Intel(R) Management Engine Components\DAL;C:\Program Files (x86)\Intel\Intel(R) Management Engine Components\IPT;C:\Program Files\Intel\Intel(R) Management Engine Components\IPT;C:\Program Files (x86)\NVIDIA Corporation\PhysX\Common;C:\WINDOWS\system32;C:\WINDOWS;C:\WINDOWS\System32\Wbem;C:\WINDOWS\System32\WindowsPowerShell\v1.0\;C:\WINDOWS\System32\OpenSSH\;C:\Program Files\Git\cmd;C:\Program Files\nodejs\;C:\Program Files\PuTTY\;C:\Users\Steve\AppData\Local\Microsoft\WindowsApps;C:\Program Files (x86)\Sophos\Sophos SSL VPN Client\bin;C:\Maven\apache-maven-3.5.4-bin\apache-maven-3.5.4\bin;;C:\Users\Steve\AppData\Local\Programs\Microsoft VS Code\bin;C:\Users\Steve\AppData\Roaming\npm;C:\Spring ToolSuite\spring-tool-suite\sts-bundle\sts-3.9.6.RELEASE;
USERNAME=Steve
OS=Windows_NT
PROCESSOR_IDENTIFIER=Intel64 Family 6 Model 158 Stepping 10, GenuineIntel



---------------  S Y S T E M  ---------------

OS: Windows 10.0 , 64 bit Build 17134 (10.0.17134.1)

CPU:total 12 (initial active 12) (6 cores per cpu, 2 threads per core) family 6 model 158 stepping 10, cmov, cx8, fxsr, mmx, sse, sse2, sse3, ssse3, sse4.1, sse4.2, popcnt, avx, avx2, aes, clmul, erms, 3dnowpref, lzcnt, ht, tsc, tscinvbit, bmi1, bmi2, adx

Memory: 4k page, physical 16632700k(3984636k free), swap 30238748k(5720k free)

vm_info: Java HotSpot(TM) 64-Bit Server VM (25.171-b11) for windows-amd64 JRE (1.8.0_171-b11), built on Mar 28 2018 16:06:12 by "java_re" with MS VC++ 10.0 (VS2010)

time: Sun Nov 18 04:14:21 2018
elapsed time: 0 seconds (0d 0h 0m 0s)

